<?xml version="1.0" encoding="UTF-8"?>
<coverage generated="1773238702417" clover="3.2.0">
  <project timestamp="1773238702418" name="All files">
    <metrics statements="4" coveredstatements="4" conditionals="4" coveredconditionals="4" methods="1" coveredmethods="1" elements="9" coveredelements="9" complexity="0" loc="4" ncloc="4" packages="1" files="1" classes="1"/>
    <file name="transformer.ts" path="C:\Users\Instruktor\Documents\Landskapsmesteren\NelsonToShopify\transformer.ts">
      <metrics statements="4" coveredstatements="4" conditionals="4" coveredconditionals="4" methods="1" coveredmethods="1"/>
      <line num="1" count="1" type="stmt"/>
      <line num="2" count="4" type="stmt"/>
      <line num="3" count="4" type="stmt"/>
      <line num="4" count="4" type="stmt"/>
    </file>
  </project>
</coverage>
