{"C:\\Users\\Instruktor\\Documents\\Landskapsmesteren\\NelsonToShopify\\transformer.ts": {"path":"C:\\Users\\Instruktor\\Documents\\Landskapsmesteren\\NelsonToShopify\\transformer.ts","statementMap":{"0":{"start":{"line":1,"column":28},"end":{"line":8,"column":1}},"1":{"start":{"line":2,"column":19},"end":{"line":2,"column":33}},"2":{"start":{"line":3,"column":23},"end":{"line":3,"column":45}},"3":{"start":{"line":4,"column":2},"end":{"line":7,"column":4}},"4":{"start":{"line":1,"column":13},"end":{"line":1,"column":28}}},"fnMap":{"0":{"name":"(anonymous_0)","decl":{"start":{"line":1,"column":28},"end":{"line":1,"column":29}},"loc":{"start":{"line":1,"column":41},"end":{"line":8,"column":1}}}},"branchMap":{"0":{"loc":{"start":{"line":5,"column":11},"end":{"line":5,"column":58}},"type":"cond-expr","locations":[{"start":{"line":5,"column":26},"end":{"line":5,"column":46}},{"start":{"line":5,"column":49},"end":{"line":5,"column":58}}]},"1":{"loc":{"start":{"line":6,"column":9},"end":{"line":6,"column":48}},"type":"cond-expr","locations":[{"start":{"line":6,"column":20},"end":{"line":6,"column":36}},{"start":{"line":6,"column":39},"end":{"line":6,"column":48}}]}},"s":{"0":1,"1":4,"2":4,"3":4,"4":1},"f":{"0":4},"b":{"0":[1,3],"1":[1,3]}}
}
