{"C:\\Users\\Instruktor\\Documents\\Landskapsmesteren\\NelsonToShopify\\transformer.ts": {"path":"C:\\Users\\Instruktor\\Documents\\Landskapsmesteren\\NelsonToShopify\\transformer.ts","statementMap":{"0":{"start":{"line":8,"column":28},"end":{"line":23,"column":1}},"1":{"start":{"line":9,"column":19},"end":{"line":9,"column":33}},"2":{"start":{"line":10,"column":23},"end":{"line":10,"column":45}},"3":{"start":{"line":11,"column":21},"end":{"line":11,"column":60}},"4":{"start":{"line":13,"column":2},"end":{"line":16,"column":3}},"5":{"start":{"line":14,"column":23},"end":{"line":14,"column":53}},"6":{"start":{"line":15,"column":4},"end":{"line":15,"column":36}},"7":{"start":{"line":17,"column":2},"end":{"line":22,"column":4}},"8":{"start":{"line":8,"column":13},"end":{"line":8,"column":28}}},"fnMap":{"0":{"name":"(anonymous_0)","decl":{"start":{"line":8,"column":28},"end":{"line":8,"column":29}},"loc":{"start":{"line":8,"column":53},"end":{"line":23,"column":1}}}},"branchMap":{"0":{"loc":{"start":{"line":11,"column":28},"end":{"line":11,"column":59}},"type":"binary-expr","locations":[{"start":{"line":11,"column":28},"end":{"line":11,"column":53}},{"start":{"line":11,"column":57},"end":{"line":11,"column":59}}]},"1":{"loc":{"start":{"line":13,"column":2},"end":{"line":16,"column":3}},"type":"if","locations":[{"start":{"line":13,"column":2},"end":{"line":16,"column":3}},{"start":{},"end":{}}]},"2":{"loc":{"start":{"line":18,"column":11},"end":{"line":18,"column":58}},"type":"cond-expr","locations":[{"start":{"line":18,"column":26},"end":{"line":18,"column":46}},{"start":{"line":18,"column":49},"end":{"line":18,"column":58}}]},"3":{"loc":{"start":{"line":19,"column":9},"end":{"line":19,"column":48}},"type":"cond-expr","locations":[{"start":{"line":19,"column":20},"end":{"line":19,"column":36}},{"start":{"line":19,"column":39},"end":{"line":19,"column":48}}]}},"s":{"0":1,"1":8,"2":8,"3":8,"4":8,"5":1,"6":1,"7":8,"8":1},"f":{"0":8},"b":{"0":[8,5],"1":[1,7],"2":[1,7],"3":[1,7]}}
}
